Start testing: Apr 14 00:41 EDT
----------------------------------------------------------
1/5 Testing: TutorialRuns
1/5 Test: TutorialRuns
Command: "/home/poulio/Documents/openSrcLabs/lab5/Step3/Build/Tutorial" "25"
Directory: /home/poulio/Documents/openSrcLabs/lab5/Step3/Build
"TutorialRuns" start time: Apr 14 00:41 EDT
Output:
----------------------------------------------------------
The square root of 25 is 5
<end of output>
Test time =   0.00 sec
----------------------------------------------------------
Test Passed.
"TutorialRuns" end time: Apr 14 00:41 EDT
"TutorialRuns" time elapsed: 00:00:00
----------------------------------------------------------

2/5 Testing: TutorialComp25
2/5 Test: TutorialComp25
Command: "/home/poulio/Documents/openSrcLabs/lab5/Step3/Build/Tutorial" "25"
Directory: /home/poulio/Documents/openSrcLabs/lab5/Step3/Build
"TutorialComp25" start time: Apr 14 00:41 EDT
Output:
----------------------------------------------------------
The square root of 25 is 5
<end of output>
Test time =   0.00 sec
----------------------------------------------------------
Test Pass Reason:
Required regular expression found.Regex=[25 is 5
]
"TutorialComp25" end time: Apr 14 00:41 EDT
"TutorialComp25" time elapsed: 00:00:00
----------------------------------------------------------

3/5 Testing: TutorialNegative
3/5 Test: TutorialNegative
Command: "/home/poulio/Documents/openSrcLabs/lab5/Step3/Build/Tutorial" "-25"
Directory: /home/poulio/Documents/openSrcLabs/lab5/Step3/Build
"TutorialNegative" start time: Apr 14 00:41 EDT
Output:
----------------------------------------------------------
The square root of -25 is 0
<end of output>
Test time =   0.00 sec
----------------------------------------------------------
Test Pass Reason:
Required regular expression found.Regex=[-25 is 0
]
"TutorialNegative" end time: Apr 14 00:41 EDT
"TutorialNegative" time elapsed: 00:00:00
----------------------------------------------------------

4/5 Testing: TutorialSmall
4/5 Test: TutorialSmall
Command: "/home/poulio/Documents/openSrcLabs/lab5/Step3/Build/Tutorial" "0.0001"
Directory: /home/poulio/Documents/openSrcLabs/lab5/Step3/Build
"TutorialSmall" start time: Apr 14 00:41 EDT
Output:
----------------------------------------------------------
The square root of 0.0001 is 0.01
<end of output>
Test time =   0.00 sec
----------------------------------------------------------
Test Pass Reason:
Required regular expression found.Regex=[0.0001 is 0.01
]
"TutorialSmall" end time: Apr 14 00:41 EDT
"TutorialSmall" time elapsed: 00:00:00
----------------------------------------------------------

5/5 Testing: TutorialUsage
5/5 Test: TutorialUsage
Command: "/home/poulio/Documents/openSrcLabs/lab5/Step3/Build/Tutorial"
Directory: /home/poulio/Documents/openSrcLabs/lab5/Step3/Build
"TutorialUsage" start time: Apr 14 00:41 EDT
Output:
----------------------------------------------------------
/home/poulio/Documents/openSrcLabs/lab5/Step3/Build/Tutorial Version 1.0
Usage: /home/poulio/Documents/openSrcLabs/lab5/Step3/Build/Tutorial number
<end of output>
Test time =   0.00 sec
----------------------------------------------------------
Test Pass Reason:
Required regular expression found.Regex=[Usage:.*number
]
"TutorialUsage" end time: Apr 14 00:41 EDT
"TutorialUsage" time elapsed: 00:00:00
----------------------------------------------------------

End testing: Apr 14 00:41 EDT
