Start testing: Apr 14 00:57 EDT
----------------------------------------------------------
1/9 Testing: TutorialRuns
1/9 Test: TutorialRuns
Command: "/home/poulio/Documents/openSrcLabs/lab5/Step5/Build/Tutorial" "25"
Directory: /home/poulio/Documents/openSrcLabs/lab5/Step5/Build
"TutorialRuns" start time: Apr 14 00:57 EDT
Output:
----------------------------------------------------------
The square root of 25 is 5
<end of output>
Test time =   0.00 sec
----------------------------------------------------------
Test Passed.
"TutorialRuns" end time: Apr 14 00:57 EDT
"TutorialRuns" time elapsed: 00:00:00
----------------------------------------------------------

2/9 Testing: TutorialUsage
2/9 Test: TutorialUsage
Command: "/home/poulio/Documents/openSrcLabs/lab5/Step5/Build/Tutorial"
Directory: /home/poulio/Documents/openSrcLabs/lab5/Step5/Build
"TutorialUsage" start time: Apr 14 00:57 EDT
Output:
----------------------------------------------------------
/home/poulio/Documents/openSrcLabs/lab5/Step5/Build/Tutorial Version 1.0
Usage: /home/poulio/Documents/openSrcLabs/lab5/Step5/Build/Tutorial number
<end of output>
Test time =   0.00 sec
----------------------------------------------------------
Test Pass Reason:
Required regular expression found.Regex=[Usage:.*number
]
"TutorialUsage" end time: Apr 14 00:57 EDT
"TutorialUsage" time elapsed: 00:00:00
----------------------------------------------------------

3/9 Testing: TutorialComp4
3/9 Test: TutorialComp4
Command: "/home/poulio/Documents/openSrcLabs/lab5/Step5/Build/Tutorial" "4"
Directory: /home/poulio/Documents/openSrcLabs/lab5/Step5/Build
"TutorialComp4" start time: Apr 14 00:57 EDT
Output:
----------------------------------------------------------
The square root of 4 is 2
<end of output>
Test time =   0.00 sec
----------------------------------------------------------
Test Pass Reason:
Required regular expression found.Regex=[4 is 2
]
"TutorialComp4" end time: Apr 14 00:57 EDT
"TutorialComp4" time elapsed: 00:00:00
----------------------------------------------------------

4/9 Testing: TutorialComp9
4/9 Test: TutorialComp9
Command: "/home/poulio/Documents/openSrcLabs/lab5/Step5/Build/Tutorial" "9"
Directory: /home/poulio/Documents/openSrcLabs/lab5/Step5/Build
"TutorialComp9" start time: Apr 14 00:57 EDT
Output:
----------------------------------------------------------
The square root of 9 is 3
<end of output>
Test time =   0.00 sec
----------------------------------------------------------
Test Pass Reason:
Required regular expression found.Regex=[9 is 3
]
"TutorialComp9" end time: Apr 14 00:57 EDT
"TutorialComp9" time elapsed: 00:00:00
----------------------------------------------------------

5/9 Testing: TutorialComp5
5/9 Test: TutorialComp5
Command: "/home/poulio/Documents/openSrcLabs/lab5/Step5/Build/Tutorial" "5"
Directory: /home/poulio/Documents/openSrcLabs/lab5/Step5/Build
"TutorialComp5" start time: Apr 14 00:57 EDT
Output:
----------------------------------------------------------
The square root of 5 is 2.23607
<end of output>
Test time =   0.00 sec
----------------------------------------------------------
Test Pass Reason:
Required regular expression found.Regex=[5 is 2.236
]
"TutorialComp5" end time: Apr 14 00:57 EDT
"TutorialComp5" time elapsed: 00:00:00
----------------------------------------------------------

6/9 Testing: TutorialComp7
6/9 Test: TutorialComp7
Command: "/home/poulio/Documents/openSrcLabs/lab5/Step5/Build/Tutorial" "7"
Directory: /home/poulio/Documents/openSrcLabs/lab5/Step5/Build
"TutorialComp7" start time: Apr 14 00:57 EDT
Output:
----------------------------------------------------------
The square root of 7 is 2.64575
<end of output>
Test time =   0.00 sec
----------------------------------------------------------
Test Pass Reason:
Required regular expression found.Regex=[7 is 2.645
]
"TutorialComp7" end time: Apr 14 00:57 EDT
"TutorialComp7" time elapsed: 00:00:00
----------------------------------------------------------

7/9 Testing: TutorialComp25
7/9 Test: TutorialComp25
Command: "/home/poulio/Documents/openSrcLabs/lab5/Step5/Build/Tutorial" "25"
Directory: /home/poulio/Documents/openSrcLabs/lab5/Step5/Build
"TutorialComp25" start time: Apr 14 00:57 EDT
Output:
----------------------------------------------------------
The square root of 25 is 5
<end of output>
Test time =   0.00 sec
----------------------------------------------------------
Test Pass Reason:
Required regular expression found.Regex=[25 is 5
]
"TutorialComp25" end time: Apr 14 00:57 EDT
"TutorialComp25" time elapsed: 00:00:00
----------------------------------------------------------

8/9 Testing: TutorialComp-25
8/9 Test: TutorialComp-25
Command: "/home/poulio/Documents/openSrcLabs/lab5/Step5/Build/Tutorial" "-25"
Directory: /home/poulio/Documents/openSrcLabs/lab5/Step5/Build
"TutorialComp-25" start time: Apr 14 00:57 EDT
Output:
----------------------------------------------------------
The square root of -25 is 0
<end of output>
Test time =   0.00 sec
----------------------------------------------------------
Test Pass Reason:
Required regular expression found.Regex=[-25 is 0
]
"TutorialComp-25" end time: Apr 14 00:57 EDT
"TutorialComp-25" time elapsed: 00:00:00
----------------------------------------------------------

9/9 Testing: TutorialComp0.0001
9/9 Test: TutorialComp0.0001
Command: "/home/poulio/Documents/openSrcLabs/lab5/Step5/Build/Tutorial" "0.0001"
Directory: /home/poulio/Documents/openSrcLabs/lab5/Step5/Build
"TutorialComp0.0001" start time: Apr 14 00:57 EDT
Output:
----------------------------------------------------------
The square root of 0.0001 is 0.01
<end of output>
Test time =   0.00 sec
----------------------------------------------------------
Test Pass Reason:
Required regular expression found.Regex=[0.0001 is 0.01
]
"TutorialComp0.0001" end time: Apr 14 00:57 EDT
"TutorialComp0.0001" time elapsed: 00:00:00
----------------------------------------------------------

End testing: Apr 14 00:57 EDT
