Start testing: Apr 14 00:49 EDT
----------------------------------------------------------
1/5 Testing: TutorialRuns
1/5 Test: TutorialRuns
Command: "/home/poulio/Documents/openSrcLabs/lab5/Step4/Build/Tutorial" "25"
Directory: /home/poulio/Documents/openSrcLabs/lab5/Step4/Build
"TutorialRuns" start time: Apr 14 00:49 EDT
Output:
----------------------------------------------------------
The square root of 25 is 5
<end of output>
Test time =   0.00 sec
----------------------------------------------------------
Test Passed.
"TutorialRuns" end time: Apr 14 00:49 EDT
"TutorialRuns" time elapsed: 00:00:00
----------------------------------------------------------

2/5 Testing: TutorialUsage
2/5 Test: TutorialUsage
Command: "/home/poulio/Documents/openSrcLabs/lab5/Step4/Build/Tutorial"
Directory: /home/poulio/Documents/openSrcLabs/lab5/Step4/Build
"TutorialUsage" start time: Apr 14 00:49 EDT
Output:
----------------------------------------------------------
/home/poulio/Documents/openSrcLabs/lab5/Step4/Build/Tutorial Version 1.0
Usage: /home/poulio/Documents/openSrcLabs/lab5/Step4/Build/Tutorial number
<end of output>
Test time =   0.00 sec
----------------------------------------------------------
Test Pass Reason:
Required regular expression found.Regex=[Usage:.*number
]
"TutorialUsage" end time: Apr 14 00:49 EDT
"TutorialUsage" time elapsed: 00:00:00
----------------------------------------------------------

3/5 Testing: TutorialComp25
3/5 Test: TutorialComp25
Command: "/home/poulio/Documents/openSrcLabs/lab5/Step4/Build/Tutorial" "25"
Directory: /home/poulio/Documents/openSrcLabs/lab5/Step4/Build
"TutorialComp25" start time: Apr 14 00:49 EDT
Output:
----------------------------------------------------------
The square root of 25 is 5
<end of output>
Test time =   0.00 sec
----------------------------------------------------------
Test Pass Reason:
Required regular expression found.Regex=[25 is 5
]
"TutorialComp25" end time: Apr 14 00:49 EDT
"TutorialComp25" time elapsed: 00:00:00
----------------------------------------------------------

4/5 Testing: TutorialComp-25
4/5 Test: TutorialComp-25
Command: "/home/poulio/Documents/openSrcLabs/lab5/Step4/Build/Tutorial" "-25"
Directory: /home/poulio/Documents/openSrcLabs/lab5/Step4/Build
"TutorialComp-25" start time: Apr 14 00:49 EDT
Output:
----------------------------------------------------------
The square root of -25 is 0
<end of output>
Test time =   0.00 sec
----------------------------------------------------------
Test Pass Reason:
Required regular expression found.Regex=[-25 is 0
]
"TutorialComp-25" end time: Apr 14 00:49 EDT
"TutorialComp-25" time elapsed: 00:00:00
----------------------------------------------------------

5/5 Testing: TutorialComp0.0001
5/5 Test: TutorialComp0.0001
Command: "/home/poulio/Documents/openSrcLabs/lab5/Step4/Build/Tutorial" "0.0001"
Directory: /home/poulio/Documents/openSrcLabs/lab5/Step4/Build
"TutorialComp0.0001" start time: Apr 14 00:49 EDT
Output:
----------------------------------------------------------
The square root of 0.0001 is 0.01
<end of output>
Test time =   0.00 sec
----------------------------------------------------------
Test Pass Reason:
Required regular expression found.Regex=[0.0001 is 0.01
]
"TutorialComp0.0001" end time: Apr 14 00:49 EDT
"TutorialComp0.0001" time elapsed: 00:00:00
----------------------------------------------------------

End testing: Apr 14 00:49 EDT
